#-----------------------------------------------------------
# Vivado v2018.2 (64-bit)
# SW Build 2258646 on Thu Jun 14 20:03:12 MDT 2018
# IP Build 2256618 on Thu Jun 14 22:10:49 MDT 2018
# Start of session at: Sat Oct 19 19:16:46 2019
# Process ID: 12476
# Current directory: C:/Users/micha/OneDrive/Documents/School/PSU/ECE540-DesignOfSoC/Assignments/Project1
# Command line: vivado.exe -gui_launcher_event rodinguilauncherevent19500 C:\Users\micha\OneDrive\Documents\School\PSU\ECE540-DesignOfSoC\Assignments\Project1\project_simplebot_1.xpr
# Log file: C:/Users/micha/OneDrive/Documents/School/PSU/ECE540-DesignOfSoC/Assignments/Project1/vivado.log
# Journal file: C:/Users/micha/OneDrive/Documents/School/PSU/ECE540-DesignOfSoC/Assignments/Project1\vivado.jou
#-----------------------------------------------------------
start_gui
open_project C:/Users/micha/OneDrive/Documents/School/PSU/ECE540-DesignOfSoC/Assignments/Project1/project_simplebot_1.xpr
INFO: [ProjectBase 1-489] The host OS only allows 260 characters in a normal path. The project is stored in a path with more than 80 characters. If you experience issues with IP, Block Designs, or files not being found, please consider moving the project to a location with a shorter path. Alternately consider using the OS subst command to map part of the path to a drive letter.
Current project path is 'C:/Users/micha/OneDrive/Documents/School/PSU/ECE540-DesignOfSoC/Assignments/Project1'
INFO: [Project 1-313] Project file moved from 'N:/ECE540Project1-V1' since last save.
Scanning sources...
Finished scanning sources
INFO: [IP_Flow 19-234] Refreshing IP repositories
INFO: [IP_Flow 19-1704] No user IP repositories specified
INFO: [IP_Flow 19-2313] Loaded Vivado IP repository 'C:/Xilinx/Vivado/2018.2/data/ip'.
open_project: Time (s): cpu = 00:00:29 ; elapsed = 00:00:19 . Memory (MB): peak = 781.055 ; gain = 88.098
update_compile_order -fileset sources_1
reset_run synth_1
launch_runs impl_1 -jobs 4
[Sat Oct 19 19:51:48 2019] Launched synth_1...
Run output will be captured here: C:/Users/micha/OneDrive/Documents/School/PSU/ECE540-DesignOfSoC/Assignments/Project1/project_simplebot_1.runs/synth_1/runme.log
[Sat Oct 19 19:51:49 2019] Launched impl_1...
Run output will be captured here: C:/Users/micha/OneDrive/Documents/School/PSU/ECE540-DesignOfSoC/Assignments/Project1/project_simplebot_1.runs/impl_1/runme.log
open_run impl_1
INFO: [Netlist 29-17] Analyzing 598 Unisim elements for replacement
INFO: [Netlist 29-28] Unisim Transformation completed in 0 CPU seconds
INFO: [Project 1-479] Netlist was created with Vivado 2018.2
INFO: [Device 21-403] Loading part xc7a100tcsg324-1
INFO: [Project 1-570] Preparing netlist for logic optimization
INFO: [Timing 38-478] Restoring timing data from binary archive.
INFO: [Timing 38-479] Binary timing data restore complete.
INFO: [Project 1-856] Restoring constraints from binary archive.
INFO: [Project 1-853] Binary constraint restore complete.
Reading XDEF placement.
Reading placer database...
Reading XDEF routing.
Read XDEF File: Time (s): cpu = 00:00:04 ; elapsed = 00:00:04 . Memory (MB): peak = 1806.227 ; gain = 0.879
Restored from archive | CPU: 5.000000 secs | Memory: 0.000000 MB |
Finished XDEF File Restore: Time (s): cpu = 00:00:04 ; elapsed = 00:00:04 . Memory (MB): peak = 1806.227 ; gain = 0.879
INFO: [Project 1-111] Unisim Transformation Summary:
  A total of 3 instances were transformed.
  RAM128X1S => RAM128X1S (MUXF7, RAMS64E, RAMS64E): 3 instances

open_run: Time (s): cpu = 00:01:08 ; elapsed = 00:00:58 . Memory (MB): peak = 1882.598 ; gain = 1064.227
open_report: Time (s): cpu = 00:00:26 ; elapsed = 00:00:19 . Memory (MB): peak = 1960.242 ; gain = 61.727
exit
INFO: [Common 17-206] Exiting Vivado at Sat Oct 19 21:09:00 2019...
